{"/Users/amyrippeto/Turing/Mod4/fe-travel-rx/src/actions/index.js": {"path":"/Users/amyrippeto/Turing/Mod4/fe-travel-rx/src/actions/index.js","statementMap":{"0":{"start":{"line":1,"column":23},"end":{"line":4,"column":2}},"1":{"start":{"line":1,"column":32},"end":{"line":4,"column":1}}},"fnMap":{"0":{"name":"(anonymous_0)","decl":{"start":{"line":1,"column":23},"end":{"line":1,"column":24}},"loc":{"start":{"line":1,"column":32},"end":{"line":4,"column":1}},"line":1}},"branchMap":{},"s":{"0":4,"1":1},"f":{"0":1},"b":{},"_coverageSchema":"43e27e138ebf9cfc5966b082cf9a028302ed4184","hash":"5bf935e73fd8fb70504760f72371625c6b95e687"}
,"/Users/amyrippeto/Turing/Mod4/fe-travel-rx/src/components/About/About.js": {"path":"/Users/amyrippeto/Turing/Mod4/fe-travel-rx/src/components/About/About.js","statementMap":{"0":{"start":{"line":8,"column":29},"end":{"line":18,"column":3}},"1":{"start":{"line":21,"column":27},"end":{"line":21,"column":37}},"2":{"start":{"line":23,"column":4},"end":{"line":38,"column":5}},"3":{"start":{"line":42,"column":15},"end":{"line":57,"column":2}}},"fnMap":{"0":{"name":"(anonymous_0)","decl":{"start":{"line":20,"column":2},"end":{"line":20,"column":3}},"loc":{"start":{"line":20,"column":11},"end":{"line":39,"column":3}},"line":20}},"branchMap":{},"s":{"0":1,"1":1,"2":1,"3":1},"f":{"0":1},"b":{},"_coverageSchema":"43e27e138ebf9cfc5966b082cf9a028302ed4184","hash":"02afd8c93ee9b85902f0dee40e7afb9f20834c76"}
,"/Users/amyrippeto/Turing/Mod4/fe-travel-rx/src/components/AddMed/AddMed.js": {"path":"/Users/amyrippeto/Turing/Mod4/fe-travel-rx/src/components/AddMed/AddMed.js","statementMap":{"0":{"start":{"line":9,"column":26},"end":{"line":9,"column":50}},"1":{"start":{"line":13,"column":4},"end":{"line":13,"column":12}},"2":{"start":{"line":14,"column":4},"end":{"line":21,"column":5}},"3":{"start":{"line":24,"column":18},"end":{"line":36,"column":3}},"4":{"start":{"line":25,"column":36},"end":{"line":25,"column":46}},"5":{"start":{"line":26,"column":21},"end":{"line":26,"column":31}},"6":{"start":{"line":27,"column":4},"end":{"line":35,"column":5}},"7":{"start":{"line":28,"column":26},"end":{"line":28,"column":45}},"8":{"start":{"line":29,"column":6},"end":{"line":29,"column":36}},"9":{"start":{"line":30,"column":19},"end":{"line":30,"column":44}},"10":{"start":{"line":31,"column":6},"end":{"line":31,"column":26}},"11":{"start":{"line":32,"column":6},"end":{"line":32,"column":44}},"12":{"start":{"line":34,"column":6},"end":{"line":34,"column":30}},"13":{"start":{"line":38,"column":15},"end":{"line":42,"column":3}},"14":{"start":{"line":39,"column":4},"end":{"line":41,"column":5}},"15":{"start":{"line":44,"column":16},"end":{"line":55,"column":3}},"16":{"start":{"line":45,"column":40},"end":{"line":45,"column":50}},"17":{"start":{"line":46,"column":4},"end":{"line":54,"column":5}},"18":{"start":{"line":47,"column":6},"end":{"line":47,"column":60}},"19":{"start":{"line":48,"column":11},"end":{"line":54,"column":5}},"20":{"start":{"line":49,"column":6},"end":{"line":49,"column":71}},"21":{"start":{"line":50,"column":11},"end":{"line":54,"column":5}},"22":{"start":{"line":51,"column":6},"end":{"line":51,"column":91}},"23":{"start":{"line":53,"column":6},"end":{"line":53,"column":26}},"24":{"start":{"line":57,"column":29},"end":{"line":67,"column":3}},"25":{"start":{"line":70,"column":27},"end":{"line":70,"column":37}},"26":{"start":{"line":71,"column":4},"end":{"line":118,"column":5}},"27":{"start":{"line":79,"column":38},"end":{"line":79,"column":61}},"28":{"start":{"line":87,"column":40},"end":{"line":87,"column":65}},"29":{"start":{"line":96,"column":43},"end":{"line":96,"column":71}},"30":{"start":{"line":103,"column":44},"end":{"line":103,"column":77}},"31":{"start":{"line":122,"column":34},"end":{"line":124,"column":2}},"32":{"start":{"line":122,"column":47},"end":{"line":124,"column":1}},"33":{"start":{"line":123,"column":19},"end":{"line":123,"column":42}},"34":{"start":{"line":128,"column":15},"end":{"line":171,"column":2}}},"fnMap":{"0":{"name":"(anonymous_0)","decl":{"start":{"line":12,"column":2},"end":{"line":12,"column":3}},"loc":{"start":{"line":12,"column":16},"end":{"line":22,"column":3}},"line":12},"1":{"name":"(anonymous_1)","decl":{"start":{"line":24,"column":18},"end":{"line":24,"column":19}},"loc":{"start":{"line":24,"column":30},"end":{"line":36,"column":3}},"line":24},"2":{"name":"(anonymous_2)","decl":{"start":{"line":38,"column":15},"end":{"line":38,"column":16}},"loc":{"start":{"line":38,"column":33},"end":{"line":42,"column":3}},"line":38},"3":{"name":"(anonymous_3)","decl":{"start":{"line":44,"column":16},"end":{"line":44,"column":17}},"loc":{"start":{"line":44,"column":22},"end":{"line":55,"column":3}},"line":44},"4":{"name":"(anonymous_4)","decl":{"start":{"line":69,"column":2},"end":{"line":69,"column":3}},"loc":{"start":{"line":69,"column":11},"end":{"line":119,"column":3}},"line":69},"5":{"name":"(anonymous_5)","decl":{"start":{"line":79,"column":28},"end":{"line":79,"column":29}},"loc":{"start":{"line":79,"column":38},"end":{"line":79,"column":61}},"line":79},"6":{"name":"(anonymous_6)","decl":{"start":{"line":87,"column":28},"end":{"line":87,"column":29}},"loc":{"start":{"line":87,"column":40},"end":{"line":87,"column":65}},"line":87},"7":{"name":"(anonymous_7)","decl":{"start":{"line":96,"column":28},"end":{"line":96,"column":29}},"loc":{"start":{"line":96,"column":43},"end":{"line":96,"column":71}},"line":96},"8":{"name":"(anonymous_8)","decl":{"start":{"line":103,"column":29},"end":{"line":103,"column":30}},"loc":{"start":{"line":103,"column":44},"end":{"line":103,"column":77}},"line":103},"9":{"name":"(anonymous_9)","decl":{"start":{"line":122,"column":34},"end":{"line":122,"column":35}},"loc":{"start":{"line":122,"column":47},"end":{"line":124,"column":1}},"line":122},"10":{"name":"(anonymous_10)","decl":{"start":{"line":123,"column":11},"end":{"line":123,"column":12}},"loc":{"start":{"line":123,"column":19},"end":{"line":123,"column":42}},"line":123}},"branchMap":{"0":{"loc":{"start":{"line":46,"column":4},"end":{"line":54,"column":5}},"type":"if","locations":[{"start":{"line":46,"column":4},"end":{"line":54,"column":5}},{"start":{"line":46,"column":4},"end":{"line":54,"column":5}}],"line":46},"1":{"loc":{"start":{"line":48,"column":11},"end":{"line":54,"column":5}},"type":"if","locations":[{"start":{"line":48,"column":11},"end":{"line":54,"column":5}},{"start":{"line":48,"column":11},"end":{"line":54,"column":5}}],"line":48},"2":{"loc":{"start":{"line":50,"column":11},"end":{"line":54,"column":5}},"type":"if","locations":[{"start":{"line":50,"column":11},"end":{"line":54,"column":5}},{"start":{"line":50,"column":11},"end":{"line":54,"column":5}}],"line":50}},"s":{"0":1,"1":1,"2":1,"3":1,"4":0,"5":0,"6":0,"7":0,"8":0,"9":0,"10":0,"11":0,"12":0,"13":1,"14":0,"15":1,"16":0,"17":0,"18":0,"19":0,"20":0,"21":0,"22":0,"23":0,"24":1,"25":1,"26":1,"27":0,"28":0,"29":0,"30":0,"31":1,"32":0,"33":0,"34":1},"f":{"0":1,"1":0,"2":0,"3":0,"4":1,"5":0,"6":0,"7":0,"8":0,"9":0,"10":0},"b":{"0":[0,0],"1":[0,0],"2":[0,0]},"_coverageSchema":"43e27e138ebf9cfc5966b082cf9a028302ed4184","hash":"7562fded8b0b7729d7e3356ddcaf49da7812dac8"}
,"/Users/amyrippeto/Turing/Mod4/fe-travel-rx/src/components/EmergencyTranslations/EmergencyTranslations.js": {"path":"/Users/amyrippeto/Turing/Mod4/fe-travel-rx/src/components/EmergencyTranslations/EmergencyTranslations.js","statementMap":{"0":{"start":{"line":7,"column":26},"end":{"line":7,"column":50}},"1":{"start":{"line":11,"column":4},"end":{"line":11,"column":12}},"2":{"start":{"line":12,"column":4},"end":{"line":14,"column":5}},"3":{"start":{"line":17,"column":29},"end":{"line":27,"column":3}},"4":{"start":{"line":30,"column":27},"end":{"line":30,"column":37}},"5":{"start":{"line":31,"column":21},"end":{"line":31,"column":46}},"6":{"start":{"line":33,"column":4},"end":{"line":72,"column":5}},"7":{"start":{"line":39,"column":12},"end":{"line":39,"column":50}},"8":{"start":{"line":76,"column":15},"end":{"line":108,"column":2}}},"fnMap":{"0":{"name":"(anonymous_0)","decl":{"start":{"line":10,"column":2},"end":{"line":10,"column":3}},"loc":{"start":{"line":10,"column":16},"end":{"line":15,"column":3}},"line":10},"1":{"name":"(anonymous_1)","decl":{"start":{"line":29,"column":2},"end":{"line":29,"column":3}},"loc":{"start":{"line":29,"column":11},"end":{"line":73,"column":3}},"line":29},"2":{"name":"(anonymous_2)","decl":{"start":{"line":38,"column":25},"end":{"line":38,"column":26}},"loc":{"start":{"line":39,"column":12},"end":{"line":39,"column":50}},"line":39}},"branchMap":{},"s":{"0":1,"1":1,"2":1,"3":1,"4":1,"5":1,"6":1,"7":0,"8":1},"f":{"0":1,"1":1,"2":0},"b":{},"_coverageSchema":"43e27e138ebf9cfc5966b082cf9a028302ed4184","hash":"1f41fc140a81e4c34526d2fbd6ab180f663e8189"}
,"/Users/amyrippeto/Turing/Mod4/fe-travel-rx/src/components/EmergencyTranslations/data.js": {"path":"/Users/amyrippeto/Turing/Mod4/fe-travel-rx/src/components/EmergencyTranslations/data.js","statementMap":{"0":{"start":{"line":1,"column":13},"end":{"line":38,"column":1}}},"fnMap":{},"branchMap":{},"s":{"0":1},"f":{},"b":{},"_coverageSchema":"43e27e138ebf9cfc5966b082cf9a028302ed4184","hash":"f05c19030734d104e07a8dc687c5cb22e5bc4aae"}
,"/Users/amyrippeto/Turing/Mod4/fe-travel-rx/src/components/Footer/Footer.js": {"path":"/Users/amyrippeto/Turing/Mod4/fe-travel-rx/src/components/Footer/Footer.js","statementMap":{"0":{"start":{"line":8,"column":25},"end":{"line":8,"column":46}},"1":{"start":{"line":9,"column":4},"end":{"line":33,"column":3}},"2":{"start":{"line":13,"column":23},"end":{"line":13,"column":39}},"3":{"start":{"line":18,"column":23},"end":{"line":18,"column":50}},"4":{"start":{"line":23,"column":23},"end":{"line":23,"column":56}},"5":{"start":{"line":28,"column":23},"end":{"line":28,"column":40}},"6":{"start":{"line":37,"column":15},"end":{"line":48,"column":2}}},"fnMap":{"0":{"name":"(anonymous_0)","decl":{"start":{"line":7,"column":2},"end":{"line":7,"column":3}},"loc":{"start":{"line":7,"column":11},"end":{"line":34,"column":1}},"line":7},"1":{"name":"(anonymous_1)","decl":{"start":{"line":13,"column":17},"end":{"line":13,"column":18}},"loc":{"start":{"line":13,"column":23},"end":{"line":13,"column":39}},"line":13},"2":{"name":"(anonymous_2)","decl":{"start":{"line":18,"column":17},"end":{"line":18,"column":18}},"loc":{"start":{"line":18,"column":23},"end":{"line":18,"column":50}},"line":18},"3":{"name":"(anonymous_3)","decl":{"start":{"line":23,"column":17},"end":{"line":23,"column":18}},"loc":{"start":{"line":23,"column":23},"end":{"line":23,"column":56}},"line":23},"4":{"name":"(anonymous_4)","decl":{"start":{"line":28,"column":17},"end":{"line":28,"column":18}},"loc":{"start":{"line":28,"column":23},"end":{"line":28,"column":40}},"line":28}},"branchMap":{},"s":{"0":0,"1":0,"2":0,"3":0,"4":0,"5":0,"6":7},"f":{"0":0,"1":0,"2":0,"3":0,"4":0},"b":{},"_coverageSchema":"43e27e138ebf9cfc5966b082cf9a028302ed4184","hash":"c66cb326db438ec4a89aecef206775166e6bdfad"}
,"/Users/amyrippeto/Turing/Mod4/fe-travel-rx/src/components/Home/Home.js": {"path":"/Users/amyrippeto/Turing/Mod4/fe-travel-rx/src/components/Home/Home.js","statementMap":{"0":{"start":{"line":9,"column":26},"end":{"line":9,"column":50}},"1":{"start":{"line":13,"column":4},"end":{"line":13,"column":12}},"2":{"start":{"line":14,"column":4},"end":{"line":17,"column":5}},"3":{"start":{"line":21,"column":24},"end":{"line":21,"column":34}},"4":{"start":{"line":22,"column":4},"end":{"line":26,"column":5}},"5":{"start":{"line":23,"column":19},"end":{"line":23,"column":34}},"6":{"start":{"line":24,"column":6},"end":{"line":24,"column":25}},"7":{"start":{"line":29,"column":15},"end":{"line":38,"column":3}},"8":{"start":{"line":30,"column":4},"end":{"line":30,"column":23}},"9":{"start":{"line":31,"column":24},"end":{"line":31,"column":34}},"10":{"start":{"line":32,"column":4},"end":{"line":37,"column":5}},"11":{"start":{"line":33,"column":26},"end":{"line":33,"column":48}},"12":{"start":{"line":34,"column":6},"end":{"line":34,"column":36}},"13":{"start":{"line":36,"column":6},"end":{"line":36,"column":30}},"14":{"start":{"line":40,"column":15},"end":{"line":44,"column":3}},"15":{"start":{"line":41,"column":4},"end":{"line":43,"column":5}},"16":{"start":{"line":46,"column":29},"end":{"line":55,"column":3}},"17":{"start":{"line":58,"column":27},"end":{"line":58,"column":37}},"18":{"start":{"line":60,"column":4},"end":{"line":84,"column":6}},"19":{"start":{"line":68,"column":43},"end":{"line":68,"column":69}},"20":{"start":{"line":75,"column":31},"end":{"line":75,"column":48}},"21":{"start":{"line":88,"column":34},"end":{"line":90,"column":2}},"22":{"start":{"line":88,"column":47},"end":{"line":90,"column":1}},"23":{"start":{"line":89,"column":19},"end":{"line":89,"column":42}},"24":{"start":{"line":94,"column":15},"end":{"line":152,"column":2}}},"fnMap":{"0":{"name":"(anonymous_0)","decl":{"start":{"line":12,"column":2},"end":{"line":12,"column":3}},"loc":{"start":{"line":12,"column":16},"end":{"line":18,"column":3}},"line":12},"1":{"name":"(anonymous_1)","decl":{"start":{"line":20,"column":2},"end":{"line":20,"column":3}},"loc":{"start":{"line":20,"column":28},"end":{"line":27,"column":3}},"line":20},"2":{"name":"(anonymous_2)","decl":{"start":{"line":29,"column":15},"end":{"line":29,"column":16}},"loc":{"start":{"line":29,"column":27},"end":{"line":38,"column":3}},"line":29},"3":{"name":"(anonymous_3)","decl":{"start":{"line":40,"column":15},"end":{"line":40,"column":16}},"loc":{"start":{"line":40,"column":33},"end":{"line":44,"column":3}},"line":40},"4":{"name":"(anonymous_4)","decl":{"start":{"line":57,"column":2},"end":{"line":57,"column":3}},"loc":{"start":{"line":57,"column":11},"end":{"line":85,"column":3}},"line":57},"5":{"name":"(anonymous_5)","decl":{"start":{"line":68,"column":30},"end":{"line":68,"column":31}},"loc":{"start":{"line":68,"column":43},"end":{"line":68,"column":69}},"line":68},"6":{"name":"(anonymous_6)","decl":{"start":{"line":75,"column":25},"end":{"line":75,"column":26}},"loc":{"start":{"line":75,"column":31},"end":{"line":75,"column":48}},"line":75},"7":{"name":"(anonymous_7)","decl":{"start":{"line":88,"column":34},"end":{"line":88,"column":35}},"loc":{"start":{"line":88,"column":47},"end":{"line":90,"column":1}},"line":88},"8":{"name":"(anonymous_8)","decl":{"start":{"line":89,"column":11},"end":{"line":89,"column":12}},"loc":{"start":{"line":89,"column":19},"end":{"line":89,"column":42}},"line":89}},"branchMap":{},"s":{"0":1,"1":1,"2":1,"3":1,"4":1,"5":1,"6":0,"7":1,"8":0,"9":0,"10":0,"11":0,"12":0,"13":0,"14":1,"15":0,"16":1,"17":1,"18":1,"19":0,"20":0,"21":1,"22":0,"23":0,"24":1},"f":{"0":1,"1":1,"2":0,"3":0,"4":1,"5":0,"6":0,"7":0,"8":0},"b":{},"_coverageSchema":"43e27e138ebf9cfc5966b082cf9a028302ed4184","hash":"2df59789de260c8975f97c9fe5cff4e1f5481796"}
,"/Users/amyrippeto/Turing/Mod4/fe-travel-rx/src/components/MedDetails/MedDetails.js": {"path":"/Users/amyrippeto/Turing/Mod4/fe-travel-rx/src/components/MedDetails/MedDetails.js","statementMap":{"0":{"start":{"line":9,"column":26},"end":{"line":9,"column":50}},"1":{"start":{"line":13,"column":4},"end":{"line":13,"column":12}},"2":{"start":{"line":14,"column":4},"end":{"line":21,"column":5}},"3":{"start":{"line":25,"column":27},"end":{"line":25,"column":61}},"4":{"start":{"line":26,"column":73},"end":{"line":26,"column":83}},"5":{"start":{"line":27,"column":4},"end":{"line":27,"column":106}},"6":{"start":{"line":30,"column":21},"end":{"line":41,"column":3}},"7":{"start":{"line":31,"column":36},"end":{"line":31,"column":46}},"8":{"start":{"line":32,"column":19},"end":{"line":32,"column":29}},"9":{"start":{"line":33,"column":4},"end":{"line":40,"column":5}},"10":{"start":{"line":34,"column":6},"end":{"line":34,"column":26}},"11":{"start":{"line":35,"column":19},"end":{"line":35,"column":34}},"12":{"start":{"line":36,"column":6},"end":{"line":36,"column":26}},"13":{"start":{"line":37,"column":6},"end":{"line":37,"column":44}},"14":{"start":{"line":39,"column":6},"end":{"line":39,"column":30}},"15":{"start":{"line":43,"column":15},"end":{"line":47,"column":3}},"16":{"start":{"line":44,"column":4},"end":{"line":46,"column":5}},"17":{"start":{"line":49,"column":17},"end":{"line":63,"column":3}},"18":{"start":{"line":50,"column":4},"end":{"line":62,"column":5}},"19":{"start":{"line":59,"column":37},"end":{"line":59,"column":60}},"20":{"start":{"line":65,"column":29},"end":{"line":75,"column":3}},"21":{"start":{"line":78,"column":27},"end":{"line":78,"column":37}},"22":{"start":{"line":79,"column":59},"end":{"line":79,"column":69}},"23":{"start":{"line":80,"column":4},"end":{"line":98,"column":5}},"24":{"start":{"line":102,"column":34},"end":{"line":104,"column":2}},"25":{"start":{"line":102,"column":47},"end":{"line":104,"column":1}},"26":{"start":{"line":103,"column":19},"end":{"line":103,"column":42}},"27":{"start":{"line":108,"column":15},"end":{"line":157,"column":2}}},"fnMap":{"0":{"name":"(anonymous_0)","decl":{"start":{"line":12,"column":2},"end":{"line":12,"column":3}},"loc":{"start":{"line":12,"column":16},"end":{"line":22,"column":3}},"line":12},"1":{"name":"(anonymous_1)","decl":{"start":{"line":24,"column":2},"end":{"line":24,"column":3}},"loc":{"start":{"line":24,"column":22},"end":{"line":28,"column":3}},"line":24},"2":{"name":"(anonymous_2)","decl":{"start":{"line":30,"column":21},"end":{"line":30,"column":22}},"loc":{"start":{"line":30,"column":32},"end":{"line":41,"column":3}},"line":30},"3":{"name":"(anonymous_3)","decl":{"start":{"line":43,"column":15},"end":{"line":43,"column":16}},"loc":{"start":{"line":43,"column":33},"end":{"line":47,"column":3}},"line":43},"4":{"name":"(anonymous_4)","decl":{"start":{"line":49,"column":17},"end":{"line":49,"column":18}},"loc":{"start":{"line":49,"column":23},"end":{"line":63,"column":3}},"line":49},"5":{"name":"(anonymous_5)","decl":{"start":{"line":59,"column":31},"end":{"line":59,"column":32}},"loc":{"start":{"line":59,"column":37},"end":{"line":59,"column":60}},"line":59},"6":{"name":"(anonymous_6)","decl":{"start":{"line":77,"column":2},"end":{"line":77,"column":3}},"loc":{"start":{"line":77,"column":11},"end":{"line":99,"column":3}},"line":77},"7":{"name":"(anonymous_7)","decl":{"start":{"line":102,"column":34},"end":{"line":102,"column":35}},"loc":{"start":{"line":102,"column":47},"end":{"line":104,"column":1}},"line":102},"8":{"name":"(anonymous_8)","decl":{"start":{"line":103,"column":11},"end":{"line":103,"column":12}},"loc":{"start":{"line":103,"column":19},"end":{"line":103,"column":42}},"line":103}},"branchMap":{"0":{"loc":{"start":{"line":86,"column":66},"end":{"line":86,"column":100}},"type":"cond-expr","locations":[{"start":{"line":86,"column":84},"end":{"line":86,"column":90}},{"start":{"line":86,"column":93},"end":{"line":86,"column":100}}],"line":86},"1":{"loc":{"start":{"line":87,"column":39},"end":{"line":87,"column":88}},"type":"cond-expr","locations":[{"start":{"line":87,"column":46},"end":{"line":87,"column":62}},{"start":{"line":87,"column":65},"end":{"line":87,"column":88}}],"line":87}},"s":{"0":1,"1":0,"2":0,"3":0,"4":0,"5":0,"6":0,"7":0,"8":0,"9":0,"10":0,"11":0,"12":0,"13":0,"14":0,"15":0,"16":0,"17":0,"18":0,"19":0,"20":1,"21":0,"22":0,"23":0,"24":1,"25":0,"26":0,"27":1},"f":{"0":0,"1":0,"2":0,"3":0,"4":0,"5":0,"6":0,"7":0,"8":0},"b":{"0":[0,0],"1":[0,0]},"_coverageSchema":"43e27e138ebf9cfc5966b082cf9a028302ed4184","hash":"20df37a0b00cc66421043bafc65022e5e5cf7b9a"}
,"/Users/amyrippeto/Turing/Mod4/fe-travel-rx/src/components/MedicineCabinet/MedicineCabinet.js": {"path":"/Users/amyrippeto/Turing/Mod4/fe-travel-rx/src/components/MedicineCabinet/MedicineCabinet.js","statementMap":{"0":{"start":{"line":9,"column":24},"end":{"line":9,"column":48}},"1":{"start":{"line":13,"column":29},"end":{"line":23,"column":3}},"2":{"start":{"line":26,"column":33},"end":{"line":26,"column":43}},"3":{"start":{"line":27,"column":24},"end":{"line":45,"column":6}},"4":{"start":{"line":28,"column":6},"end":{"line":44,"column":7}},"5":{"start":{"line":32,"column":25},"end":{"line":32,"column":84}},"6":{"start":{"line":47,"column":4},"end":{"line":63,"column":5}},"7":{"start":{"line":55,"column":25},"end":{"line":55,"column":54}},"8":{"start":{"line":67,"column":31},"end":{"line":69,"column":2}},"9":{"start":{"line":67,"column":46},"end":{"line":69,"column":1}},"10":{"start":{"line":73,"column":15},"end":{"line":121,"column":2}}},"fnMap":{"0":{"name":"(anonymous_0)","decl":{"start":{"line":25,"column":2},"end":{"line":25,"column":3}},"loc":{"start":{"line":25,"column":11},"end":{"line":64,"column":3}},"line":25},"1":{"name":"(anonymous_1)","decl":{"start":{"line":27,"column":33},"end":{"line":27,"column":34}},"loc":{"start":{"line":27,"column":47},"end":{"line":45,"column":5}},"line":27},"2":{"name":"(anonymous_2)","decl":{"start":{"line":32,"column":19},"end":{"line":32,"column":20}},"loc":{"start":{"line":32,"column":25},"end":{"line":32,"column":84}},"line":32},"3":{"name":"(anonymous_3)","decl":{"start":{"line":55,"column":19},"end":{"line":55,"column":20}},"loc":{"start":{"line":55,"column":25},"end":{"line":55,"column":54}},"line":55},"4":{"name":"(anonymous_4)","decl":{"start":{"line":67,"column":31},"end":{"line":67,"column":32}},"loc":{"start":{"line":67,"column":46},"end":{"line":69,"column":1}},"line":67}},"branchMap":{"0":{"loc":{"start":{"line":50,"column":11},"end":{"line":50,"column":152}},"type":"binary-expr","locations":[{"start":{"line":50,"column":11},"end":{"line":50,"column":28}},{"start":{"line":50,"column":32},"end":{"line":50,"column":152}}],"line":50}},"s":{"0":1,"1":1,"2":1,"3":1,"4":2,"5":0,"6":1,"7":0,"8":1,"9":0,"10":1},"f":{"0":1,"1":2,"2":0,"3":0,"4":0},"b":{"0":[1,0]},"_coverageSchema":"43e27e138ebf9cfc5966b082cf9a028302ed4184","hash":"4ebde247fcf33c5a65b1505c6296d120b51a316f"}
,"/Users/amyrippeto/Turing/Mod4/fe-travel-rx/src/utils/apiCalls.js": {"path":"/Users/amyrippeto/Turing/Mod4/fe-travel-rx/src/utils/apiCalls.js","statementMap":{"0":{"start":{"line":1,"column":23},"end":{"line":10,"column":1}},"1":{"start":{"line":2,"column":19},"end":{"line":2,"column":98}},"2":{"start":{"line":3,"column":2},"end":{"line":7,"column":3}},"3":{"start":{"line":4,"column":5},"end":{"line":4,"column":92}},"4":{"start":{"line":5,"column":9},"end":{"line":7,"column":3}},"5":{"start":{"line":6,"column":5},"end":{"line":6,"column":82}},"6":{"start":{"line":8,"column":16},"end":{"line":8,"column":37}},"7":{"start":{"line":9,"column":2},"end":{"line":9,"column":27}},"8":{"start":{"line":12,"column":23},"end":{"line":19,"column":1}},"9":{"start":{"line":13,"column":19},"end":{"line":13,"column":95}},"10":{"start":{"line":14,"column":2},"end":{"line":16,"column":3}},"11":{"start":{"line":15,"column":4},"end":{"line":15,"column":66}},"12":{"start":{"line":17,"column":15},"end":{"line":17,"column":36}},"13":{"start":{"line":18,"column":2},"end":{"line":18,"column":14}},"14":{"start":{"line":21,"column":23},"end":{"line":42,"column":1}},"15":{"start":{"line":22,"column":18},"end":{"line":35,"column":3}},"16":{"start":{"line":36,"column":19},"end":{"line":36,"column":104}},"17":{"start":{"line":37,"column":2},"end":{"line":39,"column":3}},"18":{"start":{"line":38,"column":4},"end":{"line":38,"column":81}},"19":{"start":{"line":40,"column":20},"end":{"line":40,"column":41}},"20":{"start":{"line":41,"column":2},"end":{"line":41,"column":19}},"21":{"start":{"line":44,"column":25},"end":{"line":52,"column":1}},"22":{"start":{"line":45,"column":18},"end":{"line":47,"column":3}},"23":{"start":{"line":48,"column":19},"end":{"line":48,"column":110}},"24":{"start":{"line":49,"column":2},"end":{"line":51,"column":3}},"25":{"start":{"line":50,"column":4},"end":{"line":50,"column":76}}},"fnMap":{"0":{"name":"(anonymous_0)","decl":{"start":{"line":1,"column":23},"end":{"line":1,"column":24}},"loc":{"start":{"line":1,"column":39},"end":{"line":10,"column":1}},"line":1},"1":{"name":"(anonymous_1)","decl":{"start":{"line":12,"column":23},"end":{"line":12,"column":24}},"loc":{"start":{"line":12,"column":35},"end":{"line":19,"column":1}},"line":12},"2":{"name":"(anonymous_2)","decl":{"start":{"line":21,"column":23},"end":{"line":21,"column":24}},"loc":{"start":{"line":21,"column":38},"end":{"line":42,"column":1}},"line":21},"3":{"name":"(anonymous_3)","decl":{"start":{"line":44,"column":25},"end":{"line":44,"column":26}},"loc":{"start":{"line":44,"column":39},"end":{"line":52,"column":1}},"line":44}},"branchMap":{"0":{"loc":{"start":{"line":3,"column":2},"end":{"line":7,"column":3}},"type":"if","locations":[{"start":{"line":3,"column":2},"end":{"line":7,"column":3}},{"start":{"line":3,"column":2},"end":{"line":7,"column":3}}],"line":3},"1":{"loc":{"start":{"line":3,"column":6},"end":{"line":3,"column":44}},"type":"binary-expr","locations":[{"start":{"line":3,"column":6},"end":{"line":3,"column":18}},{"start":{"line":3,"column":22},"end":{"line":3,"column":44}}],"line":3},"2":{"loc":{"start":{"line":5,"column":9},"end":{"line":7,"column":3}},"type":"if","locations":[{"start":{"line":5,"column":9},"end":{"line":7,"column":3}},{"start":{"line":5,"column":9},"end":{"line":7,"column":3}}],"line":5},"3":{"loc":{"start":{"line":5,"column":13},"end":{"line":5,"column":50}},"type":"binary-expr","locations":[{"start":{"line":5,"column":13},"end":{"line":5,"column":25}},{"start":{"line":5,"column":29},"end":{"line":5,"column":50}}],"line":5},"4":{"loc":{"start":{"line":14,"column":2},"end":{"line":16,"column":3}},"type":"if","locations":[{"start":{"line":14,"column":2},"end":{"line":16,"column":3}},{"start":{"line":14,"column":2},"end":{"line":16,"column":3}}],"line":14},"5":{"loc":{"start":{"line":37,"column":2},"end":{"line":39,"column":3}},"type":"if","locations":[{"start":{"line":37,"column":2},"end":{"line":39,"column":3}},{"start":{"line":37,"column":2},"end":{"line":39,"column":3}}],"line":37},"6":{"loc":{"start":{"line":49,"column":2},"end":{"line":51,"column":3}},"type":"if","locations":[{"start":{"line":49,"column":2},"end":{"line":51,"column":3}},{"start":{"line":49,"column":2},"end":{"line":51,"column":3}}],"line":49}},"s":{"0":4,"1":4,"2":0,"3":0,"4":0,"5":0,"6":0,"7":0,"8":4,"9":5,"10":0,"11":0,"12":0,"13":0,"14":4,"15":0,"16":0,"17":0,"18":0,"19":0,"20":0,"21":4,"22":0,"23":0,"24":0,"25":0},"f":{"0":4,"1":5,"2":0,"3":0},"b":{"0":[0,0],"1":[0,0],"2":[0,0],"3":[0,0],"4":[0,0],"5":[0,0],"6":[0,0]},"_coverageSchema":"43e27e138ebf9cfc5966b082cf9a028302ed4184","hash":"3cba4ef8bb446089a235138f9acdc5ea4cdce168"}
,"/Users/amyrippeto/Turing/Mod4/fe-travel-rx/src/utils/data.js": {"path":"/Users/amyrippeto/Turing/Mod4/fe-travel-rx/src/utils/data.js","statementMap":{"0":{"start":{"line":1,"column":13},"end":{"line":22,"column":1}}},"fnMap":{},"branchMap":{},"s":{"0":4},"f":{},"b":{},"_coverageSchema":"43e27e138ebf9cfc5966b082cf9a028302ed4184","hash":"f76e85dbbe9efea23a80a9e2d389949b2729b1ee"}
}
