{"/Users/jeannie/turing/travel-rx/fe-travel-rx/TravelRx/src/actions/index.js": {"path":"/Users/jeannie/turing/travel-rx/fe-travel-rx/TravelRx/src/actions/index.js","statementMap":{"0":{"start":{"line":1,"column":23},"end":{"line":4,"column":2}},"1":{"start":{"line":1,"column":32},"end":{"line":4,"column":1}}},"fnMap":{"0":{"name":"(anonymous_0)","decl":{"start":{"line":1,"column":23},"end":{"line":1,"column":24}},"loc":{"start":{"line":1,"column":32},"end":{"line":4,"column":1}},"line":1}},"branchMap":{},"s":{"0":3,"1":1},"f":{"0":1},"b":{},"_coverageSchema":"43e27e138ebf9cfc5966b082cf9a028302ed4184","hash":"d81ef4a3a141564fa21e165126c9a03522bd45b5"}
,"/Users/jeannie/turing/travel-rx/fe-travel-rx/TravelRx/src/components/About/About.js": {"path":"/Users/jeannie/turing/travel-rx/fe-travel-rx/TravelRx/src/components/About/About.js","statementMap":{"0":{"start":{"line":8,"column":29},"end":{"line":18,"column":3}},"1":{"start":{"line":21,"column":27},"end":{"line":21,"column":37}},"2":{"start":{"line":23,"column":4},"end":{"line":38,"column":5}},"3":{"start":{"line":42,"column":15},"end":{"line":57,"column":2}}},"fnMap":{"0":{"name":"(anonymous_0)","decl":{"start":{"line":20,"column":2},"end":{"line":20,"column":3}},"loc":{"start":{"line":20,"column":11},"end":{"line":39,"column":3}},"line":20}},"branchMap":{},"s":{"0":1,"1":1,"2":1,"3":1},"f":{"0":1},"b":{},"_coverageSchema":"43e27e138ebf9cfc5966b082cf9a028302ed4184","hash":"86b16edffab5dbd1d2026bb585114c2bc4b74a02"}
,"/Users/jeannie/turing/travel-rx/fe-travel-rx/TravelRx/src/components/AddMed/AddMed.js": {"path":"/Users/jeannie/turing/travel-rx/fe-travel-rx/TravelRx/src/components/AddMed/AddMed.js","statementMap":{"0":{"start":{"line":10,"column":26},"end":{"line":10,"column":50}},"1":{"start":{"line":14,"column":4},"end":{"line":14,"column":12}},"2":{"start":{"line":15,"column":4},"end":{"line":23,"column":5}},"3":{"start":{"line":26,"column":18},"end":{"line":38,"column":3}},"4":{"start":{"line":27,"column":36},"end":{"line":27,"column":46}},"5":{"start":{"line":28,"column":21},"end":{"line":28,"column":31}},"6":{"start":{"line":29,"column":4},"end":{"line":37,"column":5}},"7":{"start":{"line":30,"column":26},"end":{"line":30,"column":45}},"8":{"start":{"line":31,"column":6},"end":{"line":31,"column":36}},"9":{"start":{"line":32,"column":19},"end":{"line":32,"column":44}},"10":{"start":{"line":33,"column":6},"end":{"line":33,"column":26}},"11":{"start":{"line":34,"column":6},"end":{"line":34,"column":44}},"12":{"start":{"line":36,"column":6},"end":{"line":36,"column":30}},"13":{"start":{"line":40,"column":29},"end":{"line":50,"column":3}},"14":{"start":{"line":53,"column":27},"end":{"line":53,"column":37}},"15":{"start":{"line":54,"column":4},"end":{"line":101,"column":5}},"16":{"start":{"line":62,"column":38},"end":{"line":62,"column":61}},"17":{"start":{"line":70,"column":40},"end":{"line":70,"column":65}},"18":{"start":{"line":79,"column":43},"end":{"line":79,"column":71}},"19":{"start":{"line":86,"column":44},"end":{"line":86,"column":77}},"20":{"start":{"line":105,"column":34},"end":{"line":107,"column":2}},"21":{"start":{"line":105,"column":47},"end":{"line":107,"column":1}},"22":{"start":{"line":106,"column":19},"end":{"line":106,"column":42}},"23":{"start":{"line":111,"column":15},"end":{"line":154,"column":2}}},"fnMap":{"0":{"name":"(anonymous_0)","decl":{"start":{"line":13,"column":2},"end":{"line":13,"column":3}},"loc":{"start":{"line":13,"column":16},"end":{"line":24,"column":3}},"line":13},"1":{"name":"(anonymous_1)","decl":{"start":{"line":26,"column":18},"end":{"line":26,"column":19}},"loc":{"start":{"line":26,"column":30},"end":{"line":38,"column":3}},"line":26},"2":{"name":"(anonymous_2)","decl":{"start":{"line":52,"column":2},"end":{"line":52,"column":3}},"loc":{"start":{"line":52,"column":11},"end":{"line":102,"column":3}},"line":52},"3":{"name":"(anonymous_3)","decl":{"start":{"line":62,"column":28},"end":{"line":62,"column":29}},"loc":{"start":{"line":62,"column":38},"end":{"line":62,"column":61}},"line":62},"4":{"name":"(anonymous_4)","decl":{"start":{"line":70,"column":28},"end":{"line":70,"column":29}},"loc":{"start":{"line":70,"column":40},"end":{"line":70,"column":65}},"line":70},"5":{"name":"(anonymous_5)","decl":{"start":{"line":79,"column":28},"end":{"line":79,"column":29}},"loc":{"start":{"line":79,"column":43},"end":{"line":79,"column":71}},"line":79},"6":{"name":"(anonymous_6)","decl":{"start":{"line":86,"column":29},"end":{"line":86,"column":30}},"loc":{"start":{"line":86,"column":44},"end":{"line":86,"column":77}},"line":86},"7":{"name":"(anonymous_7)","decl":{"start":{"line":105,"column":34},"end":{"line":105,"column":35}},"loc":{"start":{"line":105,"column":47},"end":{"line":107,"column":1}},"line":105},"8":{"name":"(anonymous_8)","decl":{"start":{"line":106,"column":11},"end":{"line":106,"column":12}},"loc":{"start":{"line":106,"column":19},"end":{"line":106,"column":42}},"line":106}},"branchMap":{},"s":{"0":1,"1":1,"2":1,"3":1,"4":0,"5":0,"6":0,"7":0,"8":0,"9":0,"10":0,"11":0,"12":0,"13":1,"14":1,"15":1,"16":0,"17":0,"18":0,"19":0,"20":1,"21":0,"22":0,"23":1},"f":{"0":1,"1":0,"2":1,"3":0,"4":0,"5":0,"6":0,"7":0,"8":0},"b":{},"_coverageSchema":"43e27e138ebf9cfc5966b082cf9a028302ed4184","hash":"8336d6fa4a6d74f2c884c250c7786b96b38424d9"}
,"/Users/jeannie/turing/travel-rx/fe-travel-rx/TravelRx/src/components/EmergencyTranslations/EmergencyTranslations.js": {"path":"/Users/jeannie/turing/travel-rx/fe-travel-rx/TravelRx/src/components/EmergencyTranslations/EmergencyTranslations.js","statementMap":{"0":{"start":{"line":7,"column":26},"end":{"line":7,"column":50}},"1":{"start":{"line":11,"column":4},"end":{"line":11,"column":12}},"2":{"start":{"line":12,"column":4},"end":{"line":14,"column":5}},"3":{"start":{"line":17,"column":29},"end":{"line":27,"column":3}},"4":{"start":{"line":30,"column":27},"end":{"line":30,"column":37}},"5":{"start":{"line":31,"column":21},"end":{"line":31,"column":46}},"6":{"start":{"line":33,"column":4},"end":{"line":72,"column":5}},"7":{"start":{"line":39,"column":12},"end":{"line":39,"column":50}},"8":{"start":{"line":76,"column":15},"end":{"line":108,"column":2}}},"fnMap":{"0":{"name":"(anonymous_0)","decl":{"start":{"line":10,"column":2},"end":{"line":10,"column":3}},"loc":{"start":{"line":10,"column":16},"end":{"line":15,"column":3}},"line":10},"1":{"name":"(anonymous_1)","decl":{"start":{"line":29,"column":2},"end":{"line":29,"column":3}},"loc":{"start":{"line":29,"column":11},"end":{"line":73,"column":3}},"line":29},"2":{"name":"(anonymous_2)","decl":{"start":{"line":38,"column":25},"end":{"line":38,"column":26}},"loc":{"start":{"line":39,"column":12},"end":{"line":39,"column":50}},"line":39}},"branchMap":{},"s":{"0":1,"1":1,"2":1,"3":1,"4":1,"5":1,"6":1,"7":0,"8":1},"f":{"0":1,"1":1,"2":0},"b":{},"_coverageSchema":"43e27e138ebf9cfc5966b082cf9a028302ed4184","hash":"5772115b9241f6552a3f9c63d96289b7bac8b68f"}
,"/Users/jeannie/turing/travel-rx/fe-travel-rx/TravelRx/src/components/EmergencyTranslations/data.js": {"path":"/Users/jeannie/turing/travel-rx/fe-travel-rx/TravelRx/src/components/EmergencyTranslations/data.js","statementMap":{"0":{"start":{"line":1,"column":13},"end":{"line":38,"column":1}}},"fnMap":{},"branchMap":{},"s":{"0":1},"f":{},"b":{},"_coverageSchema":"43e27e138ebf9cfc5966b082cf9a028302ed4184","hash":"1aafea0b3ead839e276b1bddf880eecb336d40bf"}
,"/Users/jeannie/turing/travel-rx/fe-travel-rx/TravelRx/src/components/Footer/Footer.js": {"path":"/Users/jeannie/turing/travel-rx/fe-travel-rx/TravelRx/src/components/Footer/Footer.js","statementMap":{"0":{"start":{"line":8,"column":25},"end":{"line":8,"column":46}},"1":{"start":{"line":9,"column":4},"end":{"line":33,"column":3}},"2":{"start":{"line":13,"column":23},"end":{"line":13,"column":39}},"3":{"start":{"line":18,"column":23},"end":{"line":18,"column":50}},"4":{"start":{"line":23,"column":23},"end":{"line":23,"column":56}},"5":{"start":{"line":28,"column":23},"end":{"line":28,"column":40}},"6":{"start":{"line":37,"column":15},"end":{"line":48,"column":2}}},"fnMap":{"0":{"name":"(anonymous_0)","decl":{"start":{"line":7,"column":2},"end":{"line":7,"column":3}},"loc":{"start":{"line":7,"column":11},"end":{"line":34,"column":1}},"line":7},"1":{"name":"(anonymous_1)","decl":{"start":{"line":13,"column":17},"end":{"line":13,"column":18}},"loc":{"start":{"line":13,"column":23},"end":{"line":13,"column":39}},"line":13},"2":{"name":"(anonymous_2)","decl":{"start":{"line":18,"column":17},"end":{"line":18,"column":18}},"loc":{"start":{"line":18,"column":23},"end":{"line":18,"column":50}},"line":18},"3":{"name":"(anonymous_3)","decl":{"start":{"line":23,"column":17},"end":{"line":23,"column":18}},"loc":{"start":{"line":23,"column":23},"end":{"line":23,"column":56}},"line":23},"4":{"name":"(anonymous_4)","decl":{"start":{"line":28,"column":17},"end":{"line":28,"column":18}},"loc":{"start":{"line":28,"column":23},"end":{"line":28,"column":40}},"line":28}},"branchMap":{},"s":{"0":0,"1":0,"2":0,"3":0,"4":0,"5":0,"6":7},"f":{"0":0,"1":0,"2":0,"3":0,"4":0},"b":{},"_coverageSchema":"43e27e138ebf9cfc5966b082cf9a028302ed4184","hash":"01e30486b28dd55e9ab8b38733e581355388551a"}
,"/Users/jeannie/turing/travel-rx/fe-travel-rx/TravelRx/src/components/Home/Home.js": {"path":"/Users/jeannie/turing/travel-rx/fe-travel-rx/TravelRx/src/components/Home/Home.js","statementMap":{"0":{"start":{"line":9,"column":26},"end":{"line":9,"column":50}},"1":{"start":{"line":13,"column":4},"end":{"line":13,"column":12}},"2":{"start":{"line":14,"column":4},"end":{"line":18,"column":5}},"3":{"start":{"line":22,"column":24},"end":{"line":22,"column":34}},"4":{"start":{"line":23,"column":4},"end":{"line":28,"column":5}},"5":{"start":{"line":24,"column":19},"end":{"line":24,"column":34}},"6":{"start":{"line":25,"column":6},"end":{"line":25,"column":25}},"7":{"start":{"line":27,"column":6},"end":{"line":27,"column":30}},"8":{"start":{"line":31,"column":29},"end":{"line":40,"column":3}},"9":{"start":{"line":42,"column":15},"end":{"line":52,"column":3}},"10":{"start":{"line":43,"column":4},"end":{"line":43,"column":23}},"11":{"start":{"line":44,"column":24},"end":{"line":44,"column":34}},"12":{"start":{"line":46,"column":4},"end":{"line":51,"column":5}},"13":{"start":{"line":47,"column":26},"end":{"line":47,"column":48}},"14":{"start":{"line":48,"column":6},"end":{"line":48,"column":36}},"15":{"start":{"line":50,"column":6},"end":{"line":50,"column":30}},"16":{"start":{"line":56,"column":27},"end":{"line":56,"column":37}},"17":{"start":{"line":58,"column":4},"end":{"line":97,"column":6}},"18":{"start":{"line":66,"column":43},"end":{"line":66,"column":69}},"19":{"start":{"line":73,"column":31},"end":{"line":73,"column":48}},"20":{"start":{"line":101,"column":34},"end":{"line":103,"column":2}},"21":{"start":{"line":101,"column":47},"end":{"line":103,"column":1}},"22":{"start":{"line":102,"column":19},"end":{"line":102,"column":42}},"23":{"start":{"line":107,"column":15},"end":{"line":165,"column":2}}},"fnMap":{"0":{"name":"(anonymous_0)","decl":{"start":{"line":12,"column":2},"end":{"line":12,"column":3}},"loc":{"start":{"line":12,"column":16},"end":{"line":19,"column":3}},"line":12},"1":{"name":"(anonymous_1)","decl":{"start":{"line":21,"column":2},"end":{"line":21,"column":3}},"loc":{"start":{"line":21,"column":28},"end":{"line":29,"column":3}},"line":21},"2":{"name":"(anonymous_2)","decl":{"start":{"line":42,"column":15},"end":{"line":42,"column":16}},"loc":{"start":{"line":42,"column":27},"end":{"line":52,"column":3}},"line":42},"3":{"name":"(anonymous_3)","decl":{"start":{"line":55,"column":2},"end":{"line":55,"column":3}},"loc":{"start":{"line":55,"column":11},"end":{"line":98,"column":3}},"line":55},"4":{"name":"(anonymous_4)","decl":{"start":{"line":66,"column":30},"end":{"line":66,"column":31}},"loc":{"start":{"line":66,"column":43},"end":{"line":66,"column":69}},"line":66},"5":{"name":"(anonymous_5)","decl":{"start":{"line":73,"column":25},"end":{"line":73,"column":26}},"loc":{"start":{"line":73,"column":31},"end":{"line":73,"column":48}},"line":73},"6":{"name":"(anonymous_6)","decl":{"start":{"line":101,"column":34},"end":{"line":101,"column":35}},"loc":{"start":{"line":101,"column":47},"end":{"line":103,"column":1}},"line":101},"7":{"name":"(anonymous_7)","decl":{"start":{"line":102,"column":11},"end":{"line":102,"column":12}},"loc":{"start":{"line":102,"column":19},"end":{"line":102,"column":42}},"line":102}},"branchMap":{},"s":{"0":1,"1":1,"2":1,"3":1,"4":1,"5":1,"6":0,"7":0,"8":1,"9":1,"10":0,"11":0,"12":0,"13":0,"14":0,"15":0,"16":1,"17":1,"18":0,"19":0,"20":1,"21":0,"22":0,"23":1},"f":{"0":1,"1":1,"2":0,"3":1,"4":0,"5":0,"6":0,"7":0},"b":{},"_coverageSchema":"43e27e138ebf9cfc5966b082cf9a028302ed4184","hash":"612555fca5588dede660d868c71da6c017a6986b"}
,"/Users/jeannie/turing/travel-rx/fe-travel-rx/TravelRx/src/components/MedDetails/MedDetails.js": {"path":"/Users/jeannie/turing/travel-rx/fe-travel-rx/TravelRx/src/components/MedDetails/MedDetails.js","statementMap":{"0":{"start":{"line":7,"column":26},"end":{"line":7,"column":50}},"1":{"start":{"line":11,"column":4},"end":{"line":11,"column":12}},"2":{"start":{"line":12,"column":4},"end":{"line":19,"column":5}},"3":{"start":{"line":23,"column":27},"end":{"line":23,"column":61}},"4":{"start":{"line":24,"column":73},"end":{"line":24,"column":83}},"5":{"start":{"line":25,"column":4},"end":{"line":25,"column":106}},"6":{"start":{"line":28,"column":29},"end":{"line":38,"column":3}},"7":{"start":{"line":41,"column":27},"end":{"line":41,"column":37}},"8":{"start":{"line":42,"column":59},"end":{"line":42,"column":69}},"9":{"start":{"line":43,"column":4},"end":{"line":58,"column":5}},"10":{"start":{"line":62,"column":15},"end":{"line":111,"column":2}}},"fnMap":{"0":{"name":"(anonymous_0)","decl":{"start":{"line":10,"column":2},"end":{"line":10,"column":3}},"loc":{"start":{"line":10,"column":16},"end":{"line":20,"column":3}},"line":10},"1":{"name":"(anonymous_1)","decl":{"start":{"line":22,"column":2},"end":{"line":22,"column":3}},"loc":{"start":{"line":22,"column":22},"end":{"line":26,"column":3}},"line":22},"2":{"name":"(anonymous_2)","decl":{"start":{"line":40,"column":2},"end":{"line":40,"column":3}},"loc":{"start":{"line":40,"column":11},"end":{"line":59,"column":3}},"line":40}},"branchMap":{"0":{"loc":{"start":{"line":49,"column":66},"end":{"line":49,"column":100}},"type":"cond-expr","locations":[{"start":{"line":49,"column":84},"end":{"line":49,"column":90}},{"start":{"line":49,"column":93},"end":{"line":49,"column":100}}],"line":49},"1":{"loc":{"start":{"line":50,"column":39},"end":{"line":50,"column":88}},"type":"cond-expr","locations":[{"start":{"line":50,"column":46},"end":{"line":50,"column":62}},{"start":{"line":50,"column":65},"end":{"line":50,"column":88}}],"line":50}},"s":{"0":1,"1":0,"2":0,"3":0,"4":0,"5":0,"6":1,"7":0,"8":0,"9":0,"10":1},"f":{"0":0,"1":0,"2":0},"b":{"0":[0,0],"1":[0,0]},"_coverageSchema":"43e27e138ebf9cfc5966b082cf9a028302ed4184","hash":"6166fec88f92d588e6460b4a210e8db578eac876"}
,"/Users/jeannie/turing/travel-rx/fe-travel-rx/TravelRx/src/components/MedicineCabinet/MedicineCabinet.js": {"path":"/Users/jeannie/turing/travel-rx/fe-travel-rx/TravelRx/src/components/MedicineCabinet/MedicineCabinet.js","statementMap":{"0":{"start":{"line":9,"column":24},"end":{"line":9,"column":48}},"1":{"start":{"line":13,"column":29},"end":{"line":23,"column":3}},"2":{"start":{"line":26,"column":33},"end":{"line":26,"column":43}},"3":{"start":{"line":27,"column":24},"end":{"line":45,"column":6}},"4":{"start":{"line":28,"column":6},"end":{"line":44,"column":7}},"5":{"start":{"line":32,"column":25},"end":{"line":32,"column":84}},"6":{"start":{"line":47,"column":4},"end":{"line":63,"column":5}},"7":{"start":{"line":55,"column":25},"end":{"line":55,"column":54}},"8":{"start":{"line":67,"column":31},"end":{"line":69,"column":2}},"9":{"start":{"line":67,"column":46},"end":{"line":69,"column":1}},"10":{"start":{"line":73,"column":15},"end":{"line":115,"column":2}}},"fnMap":{"0":{"name":"(anonymous_0)","decl":{"start":{"line":25,"column":2},"end":{"line":25,"column":3}},"loc":{"start":{"line":25,"column":11},"end":{"line":64,"column":3}},"line":25},"1":{"name":"(anonymous_1)","decl":{"start":{"line":27,"column":33},"end":{"line":27,"column":34}},"loc":{"start":{"line":27,"column":47},"end":{"line":45,"column":5}},"line":27},"2":{"name":"(anonymous_2)","decl":{"start":{"line":32,"column":19},"end":{"line":32,"column":20}},"loc":{"start":{"line":32,"column":25},"end":{"line":32,"column":84}},"line":32},"3":{"name":"(anonymous_3)","decl":{"start":{"line":55,"column":19},"end":{"line":55,"column":20}},"loc":{"start":{"line":55,"column":25},"end":{"line":55,"column":54}},"line":55},"4":{"name":"(anonymous_4)","decl":{"start":{"line":67,"column":31},"end":{"line":67,"column":32}},"loc":{"start":{"line":67,"column":46},"end":{"line":69,"column":1}},"line":67}},"branchMap":{"0":{"loc":{"start":{"line":50,"column":11},"end":{"line":50,"column":130}},"type":"binary-expr","locations":[{"start":{"line":50,"column":11},"end":{"line":50,"column":28}},{"start":{"line":50,"column":32},"end":{"line":50,"column":130}}],"line":50}},"s":{"0":1,"1":1,"2":1,"3":1,"4":2,"5":0,"6":1,"7":0,"8":1,"9":0,"10":1},"f":{"0":1,"1":2,"2":0,"3":0,"4":0},"b":{"0":[1,0]},"_coverageSchema":"43e27e138ebf9cfc5966b082cf9a028302ed4184","hash":"0abbf75a6d9ece47b09cd570d16a9b66a7ae44fa"}
,"/Users/jeannie/turing/travel-rx/fe-travel-rx/TravelRx/src/utils/apiCalls.js": {"path":"/Users/jeannie/turing/travel-rx/fe-travel-rx/TravelRx/src/utils/apiCalls.js","statementMap":{"0":{"start":{"line":3,"column":24},"end":{"line":10,"column":1}},"1":{"start":{"line":4,"column":20},"end":{"line":4,"column":99}},"2":{"start":{"line":5,"column":3},"end":{"line":7,"column":4}},"3":{"start":{"line":6,"column":5},"end":{"line":6,"column":74}},"4":{"start":{"line":8,"column":16},"end":{"line":8,"column":37}},"5":{"start":{"line":9,"column":2},"end":{"line":9,"column":27}},"6":{"start":{"line":12,"column":23},"end":{"line":21,"column":1}},"7":{"start":{"line":18,"column":19},"end":{"line":18,"column":23}},"8":{"start":{"line":19,"column":2},"end":{"line":19,"column":14}},"9":{"start":{"line":23,"column":23},"end":{"line":54,"column":1}},"10":{"start":{"line":44,"column":17},"end":{"line":51,"column":3}},"11":{"start":{"line":52,"column":18},"end":{"line":52,"column":40}},"12":{"start":{"line":53,"column":2},"end":{"line":53,"column":19}},"13":{"start":{"line":56,"column":25},"end":{"line":67,"column":1}},"14":{"start":{"line":57,"column":18},"end":{"line":59,"column":3}},"15":{"start":{"line":60,"column":19},"end":{"line":60,"column":51}},"16":{"start":{"line":61,"column":2},"end":{"line":63,"column":3}},"17":{"start":{"line":62,"column":4},"end":{"line":62,"column":76}},"18":{"start":{"line":64,"column":22},"end":{"line":64,"column":43}},"19":{"start":{"line":65,"column":2},"end":{"line":65,"column":21}}},"fnMap":{"0":{"name":"(anonymous_0)","decl":{"start":{"line":3,"column":24},"end":{"line":3,"column":25}},"loc":{"start":{"line":3,"column":40},"end":{"line":10,"column":1}},"line":3},"1":{"name":"(anonymous_1)","decl":{"start":{"line":12,"column":23},"end":{"line":12,"column":24}},"loc":{"start":{"line":12,"column":35},"end":{"line":21,"column":1}},"line":12},"2":{"name":"(anonymous_2)","decl":{"start":{"line":23,"column":23},"end":{"line":23,"column":24}},"loc":{"start":{"line":23,"column":38},"end":{"line":54,"column":1}},"line":23},"3":{"name":"(anonymous_3)","decl":{"start":{"line":56,"column":25},"end":{"line":56,"column":26}},"loc":{"start":{"line":56,"column":39},"end":{"line":67,"column":1}},"line":56}},"branchMap":{"0":{"loc":{"start":{"line":5,"column":3},"end":{"line":7,"column":4}},"type":"if","locations":[{"start":{"line":5,"column":3},"end":{"line":7,"column":4}},{"start":{"line":5,"column":3},"end":{"line":7,"column":4}}],"line":5},"1":{"loc":{"start":{"line":61,"column":2},"end":{"line":63,"column":3}},"type":"if","locations":[{"start":{"line":61,"column":2},"end":{"line":63,"column":3}},{"start":{"line":61,"column":2},"end":{"line":63,"column":3}}],"line":61}},"s":{"0":3,"1":0,"2":0,"3":0,"4":0,"5":0,"6":3,"7":1,"8":1,"9":3,"10":0,"11":0,"12":0,"13":3,"14":0,"15":0,"16":0,"17":0,"18":0,"19":0},"f":{"0":0,"1":1,"2":0,"3":0},"b":{"0":[0,0],"1":[0,0]},"_coverageSchema":"43e27e138ebf9cfc5966b082cf9a028302ed4184","hash":"dcad68e18dac427945c6e003302d60ce83725be6"}
,"/Users/jeannie/turing/travel-rx/fe-travel-rx/TravelRx/src/utils/data.js": {"path":"/Users/jeannie/turing/travel-rx/fe-travel-rx/TravelRx/src/utils/data.js","statementMap":{"0":{"start":{"line":1,"column":13},"end":{"line":22,"column":1}}},"fnMap":{},"branchMap":{},"s":{"0":6},"f":{},"b":{},"_coverageSchema":"43e27e138ebf9cfc5966b082cf9a028302ed4184","hash":"50e9fb5f4fc35d423fe28137d99969b6715afc2b"}
}
