TN:
SF:/Users/jeannie/turing/travel-rx/fe-travel-rx/TravelRx/src/actions/index.js
FN:1,(anonymous_0)
FNF:1
FNH:1
FNDA:1,(anonymous_0)
DA:1,1
LF:1
LH:1
BRF:0
BRH:0
end_of_record
TN:
SF:/Users/jeannie/turing/travel-rx/fe-travel-rx/TravelRx/src/components/About/About.js
FN:20,(anonymous_0)
FNF:1
FNH:1
FNDA:1,(anonymous_0)
DA:8,1
DA:21,1
DA:23,1
DA:42,1
LF:4
LH:4
BRF:0
BRH:0
end_of_record
TN:
SF:/Users/jeannie/turing/travel-rx/fe-travel-rx/TravelRx/src/components/AddMed/AddMed.js
FN:9,(anonymous_0)
FN:32,(anonymous_1)
FN:42,(anonymous_2)
FN:50,(anonymous_3)
FN:59,(anonymous_4)
FN:66,(anonymous_5)
FNF:6
FNH:2
FNDA:1,(anonymous_0)
FNDA:1,(anonymous_1)
FNDA:0,(anonymous_2)
FNDA:0,(anonymous_3)
FNDA:0,(anonymous_4)
FNDA:0,(anonymous_5)
DA:6,1
DA:10,1
DA:11,1
DA:20,1
DA:33,1
DA:34,1
DA:42,0
DA:50,0
DA:59,0
DA:66,0
DA:82,1
LF:11
LH:7
BRF:0
BRH:0
end_of_record
TN:
SF:/Users/jeannie/turing/travel-rx/fe-travel-rx/TravelRx/src/components/EmergencyTranslations/EmergencyTranslations.js
FN:10,(anonymous_0)
FN:29,(anonymous_1)
FN:38,(anonymous_2)
FNF:3
FNH:2
FNDA:1,(anonymous_0)
FNDA:1,(anonymous_1)
FNDA:0,(anonymous_2)
DA:7,1
DA:11,1
DA:12,1
DA:17,1
DA:30,1
DA:31,1
DA:33,1
DA:39,0
DA:76,1
LF:9
LH:8
BRF:0
BRH:0
end_of_record
TN:
SF:/Users/jeannie/turing/travel-rx/fe-travel-rx/TravelRx/src/components/EmergencyTranslations/data.js
FNF:0
FNH:0
DA:1,1
LF:1
LH:1
BRF:0
BRH:0
end_of_record
TN:
SF:/Users/jeannie/turing/travel-rx/fe-travel-rx/TravelRx/src/components/Footer/Footer.js
FN:7,(anonymous_0)
FN:13,(anonymous_1)
FN:18,(anonymous_2)
FN:23,(anonymous_3)
FN:28,(anonymous_4)
FNF:5
FNH:0
FNDA:0,(anonymous_0)
FNDA:0,(anonymous_1)
FNDA:0,(anonymous_2)
FNDA:0,(anonymous_3)
FNDA:0,(anonymous_4)
DA:8,0
DA:9,0
DA:13,0
DA:18,0
DA:23,0
DA:28,0
DA:37,7
LF:7
LH:1
BRF:0
BRH:0
end_of_record
TN:
SF:/Users/jeannie/turing/travel-rx/fe-travel-rx/TravelRx/src/components/Home/Home.js
FN:11,(anonymous_0)
FN:31,(anonymous_1)
FN:43,(anonymous_2)
FN:54,(anonymous_3)
FN:61,(anonymous_4)
FN:89,(anonymous_5)
FNF:6
FNH:2
FNDA:1,(anonymous_0)
FNDA:0,(anonymous_1)
FNDA:1,(anonymous_2)
FNDA:0,(anonymous_3)
FNDA:0,(anonymous_4)
FNDA:0,(anonymous_5)
DA:8,1
DA:12,1
DA:13,1
DA:20,1
DA:31,1
DA:32,0
DA:33,0
DA:35,0
DA:36,0
DA:37,0
DA:44,1
DA:46,1
DA:54,0
DA:61,0
DA:89,1
DA:96,1
LF:16
LH:9
BRF:0
BRH:0
end_of_record
TN:
SF:/Users/jeannie/turing/travel-rx/fe-travel-rx/TravelRx/src/components/MedDetails/MedDetails.js
FN:10,(anonymous_0)
FN:22,(anonymous_1)
FN:40,(anonymous_2)
FNF:3
FNH:0
FNDA:0,(anonymous_0)
FNDA:0,(anonymous_1)
FNDA:0,(anonymous_2)
DA:7,1
DA:11,0
DA:12,0
DA:23,0
DA:24,0
DA:25,0
DA:28,1
DA:41,0
DA:42,0
DA:43,0
DA:62,1
LF:11
LH:3
BRDA:49,0,0,0
BRDA:49,0,1,0
BRDA:50,1,0,0
BRDA:50,1,1,0
BRF:4
BRH:0
end_of_record
TN:
SF:/Users/jeannie/turing/travel-rx/fe-travel-rx/TravelRx/src/components/MedicineCabinet/MedicineCabinet.js
FN:26,(anonymous_0)
FN:28,(anonymous_1)
FN:33,(anonymous_2)
FN:55,(anonymous_3)
FN:67,(anonymous_4)
FNF:5
FNH:2
FNDA:1,(anonymous_0)
FNDA:2,(anonymous_1)
FNDA:0,(anonymous_2)
FNDA:0,(anonymous_3)
FNDA:0,(anonymous_4)
DA:10,1
DA:14,1
DA:27,1
DA:28,1
DA:29,2
DA:33,0
DA:48,1
DA:55,0
DA:67,1
DA:73,1
LF:10
LH:8
BRF:0
BRH:0
end_of_record
TN:
SF:/Users/jeannie/turing/travel-rx/fe-travel-rx/TravelRx/src/utils/apiCalls.js
FN:1,(anonymous_0)
FNF:1
FNH:0
FNDA:0,(anonymous_0)
DA:1,2
DA:2,0
DA:3,0
DA:4,0
LF:4
LH:1
BRF:0
BRH:0
end_of_record
TN:
SF:/Users/jeannie/turing/travel-rx/fe-travel-rx/TravelRx/src/utils/data.js
FNF:0
FNH:0
DA:1,3
LF:1
LH:1
BRF:0
BRH:0
end_of_record
