TN:
SF:/Users/jeannie/turing/travel-rx/fe-travel-rx/TravelRx/src/actions/index.js
FN:1,(anonymous_0)
FNF:1
FNH:1
FNDA:1,(anonymous_0)
DA:1,3
LF:1
LH:1
BRF:0
BRH:0
end_of_record
TN:
SF:/Users/jeannie/turing/travel-rx/fe-travel-rx/TravelRx/src/components/About/About.js
FN:20,(anonymous_0)
FNF:1
FNH:1
FNDA:1,(anonymous_0)
DA:8,1
DA:21,1
DA:23,1
DA:42,1
LF:4
LH:4
BRF:0
BRH:0
end_of_record
TN:
SF:/Users/jeannie/turing/travel-rx/fe-travel-rx/TravelRx/src/components/AddMed/AddMed.js
FN:13,(anonymous_0)
FN:26,(anonymous_1)
FN:52,(anonymous_2)
FN:62,(anonymous_3)
FN:70,(anonymous_4)
FN:79,(anonymous_5)
FN:86,(anonymous_6)
FN:105,(anonymous_7)
FN:106,(anonymous_8)
FNF:9
FNH:2
FNDA:1,(anonymous_0)
FNDA:0,(anonymous_1)
FNDA:1,(anonymous_2)
FNDA:0,(anonymous_3)
FNDA:0,(anonymous_4)
FNDA:0,(anonymous_5)
FNDA:0,(anonymous_6)
FNDA:0,(anonymous_7)
FNDA:0,(anonymous_8)
DA:10,1
DA:14,1
DA:15,1
DA:26,1
DA:27,0
DA:28,0
DA:29,0
DA:30,0
DA:31,0
DA:32,0
DA:33,0
DA:34,0
DA:36,0
DA:40,1
DA:53,1
DA:54,1
DA:62,0
DA:70,0
DA:79,0
DA:86,0
DA:105,1
DA:106,0
DA:111,1
LF:23
LH:9
BRF:0
BRH:0
end_of_record
TN:
SF:/Users/jeannie/turing/travel-rx/fe-travel-rx/TravelRx/src/components/EmergencyTranslations/EmergencyTranslations.js
FN:10,(anonymous_0)
FN:29,(anonymous_1)
FN:38,(anonymous_2)
FNF:3
FNH:2
FNDA:1,(anonymous_0)
FNDA:1,(anonymous_1)
FNDA:0,(anonymous_2)
DA:7,1
DA:11,1
DA:12,1
DA:17,1
DA:30,1
DA:31,1
DA:33,1
DA:39,0
DA:76,1
LF:9
LH:8
BRF:0
BRH:0
end_of_record
TN:
SF:/Users/jeannie/turing/travel-rx/fe-travel-rx/TravelRx/src/components/EmergencyTranslations/data.js
FNF:0
FNH:0
DA:1,1
LF:1
LH:1
BRF:0
BRH:0
end_of_record
TN:
SF:/Users/jeannie/turing/travel-rx/fe-travel-rx/TravelRx/src/components/Footer/Footer.js
FN:7,(anonymous_0)
FN:13,(anonymous_1)
FN:18,(anonymous_2)
FN:23,(anonymous_3)
FN:28,(anonymous_4)
FNF:5
FNH:0
FNDA:0,(anonymous_0)
FNDA:0,(anonymous_1)
FNDA:0,(anonymous_2)
FNDA:0,(anonymous_3)
FNDA:0,(anonymous_4)
DA:8,0
DA:9,0
DA:13,0
DA:18,0
DA:23,0
DA:28,0
DA:37,7
LF:7
LH:1
BRF:0
BRH:0
end_of_record
TN:
SF:/Users/jeannie/turing/travel-rx/fe-travel-rx/TravelRx/src/components/Home/Home.js
FN:12,(anonymous_0)
FN:21,(anonymous_1)
FN:42,(anonymous_2)
FN:55,(anonymous_3)
FN:66,(anonymous_4)
FN:73,(anonymous_5)
FN:101,(anonymous_6)
FN:102,(anonymous_7)
FNF:8
FNH:3
FNDA:1,(anonymous_0)
FNDA:1,(anonymous_1)
FNDA:0,(anonymous_2)
FNDA:1,(anonymous_3)
FNDA:0,(anonymous_4)
FNDA:0,(anonymous_5)
FNDA:0,(anonymous_6)
FNDA:0,(anonymous_7)
DA:9,1
DA:13,1
DA:14,1
DA:22,1
DA:23,1
DA:24,1
DA:25,0
DA:27,0
DA:31,1
DA:42,1
DA:43,0
DA:44,0
DA:46,0
DA:47,0
DA:48,0
DA:50,0
DA:56,1
DA:58,1
DA:66,0
DA:73,0
DA:101,1
DA:102,0
DA:107,1
LF:23
LH:12
BRF:0
BRH:0
end_of_record
TN:
SF:/Users/jeannie/turing/travel-rx/fe-travel-rx/TravelRx/src/components/MedDetails/MedDetails.js
FN:10,(anonymous_0)
FN:22,(anonymous_1)
FN:40,(anonymous_2)
FNF:3
FNH:0
FNDA:0,(anonymous_0)
FNDA:0,(anonymous_1)
FNDA:0,(anonymous_2)
DA:7,1
DA:11,0
DA:12,0
DA:23,0
DA:24,0
DA:25,0
DA:28,1
DA:41,0
DA:42,0
DA:43,0
DA:62,1
LF:11
LH:3
BRDA:49,0,0,0
BRDA:49,0,1,0
BRDA:50,1,0,0
BRDA:50,1,1,0
BRF:4
BRH:0
end_of_record
TN:
SF:/Users/jeannie/turing/travel-rx/fe-travel-rx/TravelRx/src/components/MedicineCabinet/MedicineCabinet.js
FN:25,(anonymous_0)
FN:27,(anonymous_1)
FN:32,(anonymous_2)
FN:55,(anonymous_3)
FN:67,(anonymous_4)
FNF:5
FNH:2
FNDA:1,(anonymous_0)
FNDA:2,(anonymous_1)
FNDA:0,(anonymous_2)
FNDA:0,(anonymous_3)
FNDA:0,(anonymous_4)
DA:9,1
DA:13,1
DA:26,1
DA:27,1
DA:28,2
DA:32,0
DA:47,1
DA:55,0
DA:67,1
DA:73,1
LF:10
LH:8
BRDA:50,0,0,1
BRDA:50,0,1,0
BRF:2
BRH:1
end_of_record
TN:
SF:/Users/jeannie/turing/travel-rx/fe-travel-rx/TravelRx/src/utils/apiCalls.js
FN:3,(anonymous_0)
FN:12,(anonymous_1)
FN:23,(anonymous_2)
FN:56,(anonymous_3)
FNF:4
FNH:1
FNDA:0,(anonymous_0)
FNDA:1,(anonymous_1)
FNDA:0,(anonymous_2)
FNDA:0,(anonymous_3)
DA:3,3
DA:4,0
DA:5,0
DA:6,0
DA:8,0
DA:9,0
DA:12,3
DA:18,1
DA:19,1
DA:23,3
DA:44,0
DA:52,0
DA:53,0
DA:56,3
DA:57,0
DA:60,0
DA:61,0
DA:62,0
DA:64,0
DA:65,0
LF:20
LH:6
BRDA:5,0,0,0
BRDA:5,0,1,0
BRDA:61,1,0,0
BRDA:61,1,1,0
BRF:4
BRH:0
end_of_record
TN:
SF:/Users/jeannie/turing/travel-rx/fe-travel-rx/TravelRx/src/utils/data.js
FNF:0
FNH:0
DA:1,6
LF:1
LH:1
BRF:0
BRH:0
end_of_record
